<?xml version="1.0" encoding="UTF-8"?>
<!-- Generated by org.testng.reporters.JUnitReportReporter -->
<testsuite hostname="DESKTOP-LDOAKKC" failures="0" tests="1" name="SeleniumProject.SeleniumProject.EbayAddToCartTest" time="14.104" errors="0" timestamp="2025-01-29T19:17:52 IST" skipped="0">
  <testcase classname="SeleniumProject.SeleniumProject.EbayAddToCartTest" name="testAddItemToCart" time="14.104"/>
  <system-out/>
</testsuite> <!-- SeleniumProject.SeleniumProject.EbayAddToCartTest -->
